This is pdfTeX, Version 3.1415926-2.5-1.40.14 (MiKTeX 2.9) (preloaded format=pdflatex 2015.2.26)  27 FEB 2015 18:40
entering extended mode
**Functional*Requirements_Group_5a.tex

("C:\Users\GreaterThanSolomon\Desktop\GitHub\Functional Requirements_Group_5a.t
ex"
LaTeX2e <2011/06/27>
Babel <v3.8m> and hyphenation patterns for english, afrikaans, ancientgreek, ar
abic, armenian, assamese, basque, bengali, bokmal, bulgarian, catalan, coptic, 
croatian, czech, danish, dutch, esperanto, estonian, farsi, finnish, french, ga
lician, german, german-x-2013-05-26, greek, gujarati, hindi, hungarian, iceland
ic, indonesian, interlingua, irish, italian, kannada, kurmanji, latin, latvian,
 lithuanian, malayalam, marathi, mongolian, mongolianlmc, monogreek, ngerman, n
german-x-2013-05-26, nynorsk, oriya, panjabi, pinyin, polish, portuguese, roman
ian, russian, sanskrit, serbian, slovak, slovenian, spanish, swedish, swissgerm
an, tamil, telugu, turkish, turkmen, ukenglish, ukrainian, uppersorbian, usengl
ishmax, welsh, loaded.
("C:\Program Files (x86)\MiKTeX 2.9 L\tex\latex\base\article.cls"
Document Class: article 2007/10/19 v1.4h Standard LaTeX document class
("C:\Program Files (x86)\MiKTeX 2.9 L\tex\latex\base\size12.clo"
File: size12.clo 2007/10/19 v1.4h Standard LaTeX file (size option)
)
\c@part=\count79
\c@section=\count80
\c@subsection=\count81
\c@subsubsection=\count82
\c@paragraph=\count83
\c@subparagraph=\count84
\c@figure=\count85
\c@table=\count86
\abovecaptionskip=\skip41
\belowcaptionskip=\skip42
\bibindent=\dimen102
)
("C:\Program Files (x86)\MiKTeX 2.9 L\tex\latex\graphics\graphicx.sty"
Package: graphicx 1999/02/16 v1.0f Enhanced LaTeX Graphics (DPC,SPQR)

("C:\Program Files (x86)\MiKTeX 2.9 L\tex\latex\graphics\keyval.sty"
Package: keyval 1999/03/16 v1.13 key=value parser (DPC)
\KV@toks@=\toks14
)
("C:\Program Files (x86)\MiKTeX 2.9 L\tex\latex\graphics\graphics.sty"
Package: graphics 2009/02/05 v1.0o Standard LaTeX Graphics (DPC,SPQR)

("C:\Program Files (x86)\MiKTeX 2.9 L\tex\latex\graphics\trig.sty"
Package: trig 1999/03/16 v1.09 sin cos tan (DPC)
)
("C:\Program Files (x86)\MiKTeX 2.9 L\tex\latex\00miktex\graphics.cfg"
File: graphics.cfg 2007/01/18 v1.5 graphics configuration of teTeX/TeXLive
)
Package graphics Info: Driver file: pdftex.def on input line 91.

("C:\Program Files (x86)\MiKTeX 2.9 L\tex\latex\pdftex-def\pdftex.def"
File: pdftex.def 2011/05/27 v0.06d Graphics/color for pdfTeX

("C:\Program Files (x86)\MiKTeX 2.9 L\tex\generic\oberdiek\infwarerr.sty"
Package: infwarerr 2010/04/08 v1.3 Providing info/warning/error messages (HO)
)
("C:\Program Files (x86)\MiKTeX 2.9 L\tex\generic\oberdiek\ltxcmds.sty"
Package: ltxcmds 2011/11/09 v1.22 LaTeX kernel commands for general use (HO)
)
\Gread@gobject=\count87
))
\Gin@req@height=\dimen103
\Gin@req@width=\dimen104
)
("C:\Program Files (x86)\MiKTeX 2.9 L\tex\latex\oberdiek\bookmark.sty"
Package: bookmark 2011/12/02 v1.24 PDF bookmarks (HO)

("C:\Program Files (x86)\MiKTeX 2.9 L\tex\generic\oberdiek\pdfescape.sty"
Package: pdfescape 2011/11/25 v1.13 Implements pdfTeX's escape features (HO)

("C:\Program Files (x86)\MiKTeX 2.9 L\tex\generic\oberdiek\pdftexcmds.sty"
Package: pdftexcmds 2011/11/29 v0.20 Utility functions of pdfTeX for LuaTeX (HO
)

("C:\Program Files (x86)\MiKTeX 2.9 L\tex\generic\oberdiek\ifluatex.sty"
Package: ifluatex 2010/03/01 v1.3 Provides the ifluatex switch (HO)
Package ifluatex Info: LuaTeX not detected.
)
("C:\Program Files (x86)\MiKTeX 2.9 L\tex\generic\oberdiek\ifpdf.sty"
Package: ifpdf 2011/01/30 v2.3 Provides the ifpdf switch (HO)
Package ifpdf Info: pdfTeX in PDF mode is detected.
)
Package pdftexcmds Info: LuaTeX not detected.
Package pdftexcmds Info: \pdf@primitive is available.
Package pdftexcmds Info: \pdf@ifprimitive is available.
Package pdftexcmds Info: \pdfdraftmode found.
))
("C:\Program Files (x86)\MiKTeX 2.9 L\tex\generic\ifxetex\ifxetex.sty"
Package: ifxetex 2010/09/12 v0.6 Provides ifxetex conditional
)
("C:\Program Files (x86)\MiKTeX 2.9 L\tex\generic\oberdiek\ifvtex.sty"
Package: ifvtex 2010/03/01 v1.5 Detect VTeX and its facilities (HO)
Package ifvtex Info: VTeX not detected.
)
("C:\Program Files (x86)\MiKTeX 2.9 L\tex\latex\hyperref\hyperref.sty"
Package: hyperref 2012/11/06 v6.83m Hypertext links for LaTeX

("C:\Program Files (x86)\MiKTeX 2.9 L\tex\generic\oberdiek\hobsub-hyperref.sty"
Package: hobsub-hyperref 2012/04/25 v1.12 Bundle oberdiek, subset hyperref (HO)

("C:\Program Files (x86)\MiKTeX 2.9 L\tex\generic\oberdiek\hobsub-generic.sty"
Package: hobsub-generic 2012/04/25 v1.12 Bundle oberdiek, subset generic (HO)
Package: hobsub 2012/04/25 v1.12 Construct package bundles (HO)
Package hobsub Info: Skipping package `infwarerr' (already loaded).
Package hobsub Info: Skipping package `ltxcmds' (already loaded).
Package hobsub Info: Skipping package `ifluatex' (already loaded).
Package hobsub Info: Skipping package `ifvtex' (already loaded).
Package: intcalc 2007/09/27 v1.1 Expandable calculations with integers (HO)
Package hobsub Info: Skipping package `ifpdf' (already loaded).
Package: etexcmds 2011/02/16 v1.5 Avoid name clashes with e-TeX commands (HO)
Package etexcmds Info: Could not find \expanded.
(etexcmds)             That can mean that you are not using pdfTeX 1.50 or
(etexcmds)             that some package has redefined \expanded.
(etexcmds)             In the latter case, load this package earlier.
Package: kvsetkeys 2012/04/25 v1.16 Key value parser (HO)
Package: kvdefinekeys 2011/04/07 v1.3 Define keys (HO)
Package hobsub Info: Skipping package `pdftexcmds' (already loaded).
Package hobsub Info: Skipping package `pdfescape' (already loaded).
Package: bigintcalc 2012/04/08 v1.3 Expandable calculations on big integers (HO
)
Package: bitset 2011/01/30 v1.1 Handle bit-vector datatype (HO)
Package: uniquecounter 2011/01/30 v1.2 Provide unlimited unique counter (HO)
)
Package hobsub Info: Skipping package `hobsub' (already loaded).
Package: letltxmacro 2010/09/02 v1.4 Let assignment for LaTeX macros (HO)
Package: hopatch 2011/06/24 v1.1 Wrapper for package hooks (HO)
Package: xcolor-patch 2011/01/30 xcolor patch
Package: atveryend 2011/06/30 v1.8 Hooks at the very end of document (HO)
Package atveryend Info: \enddocument detected (standard20110627).
Package: atbegshi 2011/10/05 v1.16 At begin shipout hook (HO)
Package: refcount 2011/10/16 v3.4 Data extraction from label references (HO)
Package: hycolor 2011/01/30 v1.7 Color options for hyperref/bookmark (HO)
) ("C:\Program Files (x86)\MiKTeX 2.9 L\tex\latex\oberdiek\auxhook.sty"
Package: auxhook 2011/03/04 v1.3 Hooks for auxiliary files (HO)
)
("C:\Program Files (x86)\MiKTeX 2.9 L\tex\latex\oberdiek\kvoptions.sty"
Package: kvoptions 2011/06/30 v3.11 Key value format for package options (HO)
)
\@linkdim=\dimen105
\Hy@linkcounter=\count88
\Hy@pagecounter=\count89

("C:\Program Files (x86)\MiKTeX 2.9 L\tex\latex\hyperref\pd1enc.def"
File: pd1enc.def 2012/11/06 v6.83m Hyperref: PDFDocEncoding definition (HO)
)
\Hy@SavedSpaceFactor=\count90

("C:\Program Files (x86)\MiKTeX 2.9 L\tex\latex\00miktex\hyperref.cfg"
File: hyperref.cfg 2002/06/06 v1.2 hyperref configuration of TeXLive
)
Package hyperref Info: Hyper figures OFF on input line 4443.
Package hyperref Info: Link nesting OFF on input line 4448.
Package hyperref Info: Hyper index ON on input line 4451.
Package hyperref Info: Plain pages OFF on input line 4458.
Package hyperref Info: Backreferencing OFF on input line 4463.
Package hyperref Info: Implicit mode ON; LaTeX internals redefined.
Package hyperref Info: Bookmarks ON on input line 4688.
\c@Hy@tempcnt=\count91

(C:\Users\GreaterThanSolomon\AppData\Roaming\MiKTeX\2.9\tex\latex\url\url.sty
\Urlmuskip=\muskip10
Package: url 2013/09/16  ver 3.4  Verb mode for urls, etc.
)
LaTeX Info: Redefining \url on input line 5041.
\XeTeXLinkMargin=\dimen106
\Fld@menulength=\count92
\Field@Width=\dimen107
\Fld@charsize=\dimen108
Package hyperref Info: Hyper figures OFF on input line 6295.
Package hyperref Info: Link nesting OFF on input line 6300.
Package hyperref Info: Hyper index ON on input line 6303.
Package hyperref Info: backreferencing OFF on input line 6310.
Package hyperref Info: Link coloring OFF on input line 6315.
Package hyperref Info: Link coloring with OCG OFF on input line 6320.
Package hyperref Info: PDF/A mode OFF on input line 6325.
LaTeX Info: Redefining \ref on input line 6365.
LaTeX Info: Redefining \pageref on input line 6369.
\Hy@abspage=\count93
\c@Item=\count94
\c@Hfootnote=\count95
)

Package hyperref Message: Driver (autodetected): hpdftex.

("C:\Program Files (x86)\MiKTeX 2.9 L\tex\latex\hyperref\hpdftex.def"
File: hpdftex.def 2012/11/06 v6.83m Hyperref driver for pdfTeX
\Fld@listcount=\count96
\c@bookmark@seq@number=\count97

("C:\Program Files (x86)\MiKTeX 2.9 L\tex\latex\oberdiek\rerunfilecheck.sty"
Package: rerunfilecheck 2011/04/15 v1.7 Rerun checks for auxiliary files (HO)
Package uniquecounter Info: New unique counter `rerunfilecheck' on input line 2
82.
)
\Hy@SectionHShift=\skip43
)
("C:\Program Files (x86)\MiKTeX 2.9 L\tex\latex\oberdiek\bkm-pdftex.def"
File: bkm-pdftex.def 2011/12/02 v1.24 bookmark driver for pdfTeX (HO)
\BKM@id=\count98
))
("C:\Program Files (x86)\MiKTeX 2.9 L\tex\latex\graphics\epsfig.sty"
Package: epsfig 1999/02/16 v1.7a (e)psfig emulation (SPQR)
\epsfxsize=\dimen109
\epsfysize=\dimen110
)
("C:\Program Files (x86)\MiKTeX 2.9 L\tex\latex\oberdiek\epstopdf.sty"
Package: epstopdf 2010/02/09 v2.5 Conversion with epstopdf on the fly (HO)

("C:\Program Files (x86)\MiKTeX 2.9 L\tex\latex\oberdiek\epstopdf-base.sty"
Package: epstopdf-base 2010/02/09 v2.5 Base part for package epstopdf

("C:\Program Files (x86)\MiKTeX 2.9 L\tex\latex\oberdiek\grfext.sty"
Package: grfext 2010/08/19 v1.1 Manage graphics extensions (HO)
)
Package grfext Info: Graphics extension search list:
(grfext)             [.png,.pdf,.jpg,.mps,.jpeg,.jbig2,.jb2,.PNG,.PDF,.JPG,.JPE
G,.JBIG2,.JB2,.eps]
(grfext)             \AppendGraphicsExtensions on input line 452.
))
("C:\Users\GreaterThanSolomon\Desktop\GitHub\Functional Requirements_Group_5a.a
ux")
LaTeX Font Info:    Checking defaults for OML/cmm/m/it on input line 10.
LaTeX Font Info:    ... okay on input line 10.
LaTeX Font Info:    Checking defaults for T1/cmr/m/n on input line 10.
LaTeX Font Info:    ... okay on input line 10.
LaTeX Font Info:    Checking defaults for OT1/cmr/m/n on input line 10.
LaTeX Font Info:    ... okay on input line 10.
LaTeX Font Info:    Checking defaults for OMS/cmsy/m/n on input line 10.
LaTeX Font Info:    ... okay on input line 10.
LaTeX Font Info:    Checking defaults for OMX/cmex/m/n on input line 10.
LaTeX Font Info:    ... okay on input line 10.
LaTeX Font Info:    Checking defaults for U/cmr/m/n on input line 10.
LaTeX Font Info:    ... okay on input line 10.
LaTeX Font Info:    Checking defaults for PD1/pdf/m/n on input line 10.
LaTeX Font Info:    ... okay on input line 10.

(C:\Users\GreaterThanSolomon\AppData\Roaming\MiKTeX\2.9\tex\context\base\supp-p
df.mkii
[Loading MPS to PDF converter (version 2006.09.02).]
\scratchcounter=\count99
\scratchdimen=\dimen111
\scratchbox=\box26
\nofMPsegments=\count100
\nofMParguments=\count101
\everyMPshowfont=\toks15
\MPscratchCnt=\count102
\MPscratchDim=\dimen112
\MPnumerator=\count103
\makeMPintoPDFobject=\count104
\everyMPtoPDFconversion=\toks16
)
\AtBeginShipoutBox=\box27
Package hyperref Info: Link coloring OFF on input line 10.
 ("C:\Program Files (x86)\MiKTeX 2.9 L\tex\latex\hyperref\nameref.sty"
Package: nameref 2012/10/27 v2.43 Cross-referencing by name of section

("C:\Program Files (x86)\MiKTeX 2.9 L\tex\generic\oberdiek\gettitlestring.sty"
Package: gettitlestring 2010/12/03 v1.4 Cleanup title references (HO)
)
\c@section@level=\count105
)
LaTeX Info: Redefining \ref on input line 10.
LaTeX Info: Redefining \pageref on input line 10.
LaTeX Info: Redefining \nameref on input line 10.
 <Shaun/graphics/universityLogo.jpg, id=3, 486.618pt x 128.6406pt>
File: Shaun/graphics/universityLogo.jpg Graphic file (type jpg)

<use Shaun/graphics/universityLogo.jpg>
Package pdftex.def Info: Shaun/graphics/universityLogo.jpg used on input line 1
8.
(pdftex.def)             Requested size: 369.88582pt x 97.78552pt.

Overfull \hbox (77.38582pt too wide) in paragraph at lines 18--19
 [][] 
 []

LaTeX Font Info:    External font `cmex10' loaded for size
(Font)              <12> on input line 40.
LaTeX Font Info:    External font `cmex10' loaded for size
(Font)              <8> on input line 40.
LaTeX Font Info:    External font `cmex10' loaded for size
(Font)              <6> on input line 40.
[1

{C:/Users/GreaterThanSolomon/AppData/Local/MiKTeX/2.9/pdftex/config/pdftex.map}
 <C:/Users/GreaterThanSolomon/Desktop/GitHub/Shaun/graphics/universityLogo.jpg>
]
("C:\Users\GreaterThanSolomon\Desktop\GitHub\Functional Requirements_Group_5a.t
oc" [2

] [3])
\tf@toc=\write3
 [4]
LaTeX Font Info:    Try loading font information for OMS+cmr on input line 51.
 ("C:\Program Files (x86)\MiKTeX 2.9 L\tex\latex\base\omscmr.fd"
File: omscmr.fd 1999/05/25 v2.5h Standard LaTeX font definitions
)
LaTeX Font Info:    Font shape `OMS/cmr/m/n' in size <12> not available
(Font)              Font shape `OMS/cmsy/m/n' tried instead on input line 51.
Package epstopdf Info: Source file: <Sean/useCaseUserManagement.eps>
(epstopdf)                    date: 2015-02-27 16:54:49
(epstopdf)                    size: 49035 bytes
(epstopdf)             Output file: <Sean/useCaseUserManagement-eps-converted-t
o.pdf>
(epstopdf)                    date: 2015-02-27 16:56:41
(epstopdf)                    size: 16986 bytes
(epstopdf)             Command: <epstopdf --outfile=Sean/useCaseUserManagement-
eps-converted-to.pdf Sean/useCaseUserManagement.eps>
(epstopdf)             \includegraphics on input line 81.
Package epstopdf Info: Output file is already uptodate.

<Sean/useCaseUserManagement-eps-converted-to.pdf, id=166, 557.08125pt x 557.081
25pt>
File: Sean/useCaseUserManagement-eps-converted-to.pdf Graphic file (type pdf)
 <use Sean/useCaseUserManagement-eps-converted-to.pdf>
Package pdftex.def Info: Sean/useCaseUserManagement-eps-converted-to.pdf used o
n input line 81.
(pdftex.def)             Requested size: 501.3685pt x 501.3685pt.

Overfull \hbox (111.3685pt too wide) in paragraph at lines 81--82
[] 
 []


Underfull \hbox (badness 10000) in paragraph at lines 81--82

 []

[5]
Package epstopdf Info: Source file: <Sean/activityDiagramUserManagement.eps>
(epstopdf)                    date: 2015-02-27 16:54:48
(epstopdf)                    size: 43715 bytes
(epstopdf)             Output file: <Sean/activityDiagramUserManagement-eps-con
verted-to.pdf>
(epstopdf)                    date: 2015-02-27 16:54:48
(epstopdf)                    size: 12824 bytes
(epstopdf)             Command: <epstopdf --outfile=Sean/activityDiagramUserMan
agement-eps-converted-to.pdf Sean/activityDiagramUserManagement.eps>
(epstopdf)             \includegraphics on input line 85.
Package epstopdf Info: Output file is already uptodate.

<Sean/activityDiagramUserManagement-eps-converted-to.pdf, id=172, 557.08125pt x
 334.24875pt>
File: Sean/activityDiagramUserManagement-eps-converted-to.pdf Graphic file (typ
e pdf)
 <use Sean/activityDiagramUserManagement-eps-converted-to.pdf>
Package pdftex.def Info: Sean/activityDiagramUserManagement-eps-converted-to.pd
f used on input line 85.
(pdftex.def)             Requested size: 501.3685pt x 300.82109pt.

Overfull \hbox (111.3685pt too wide) in paragraph at lines 85--86
[] 
 []


Underfull \hbox (badness 10000) in paragraph at lines 85--86

 []

[6 <C:/Users/GreaterThanSolomon/Desktop/GitHub/Sean/useCaseUserManagement-eps-c
onverted-to.pdf>] [7 <C:/Users/GreaterThanSolomon/Desktop/GitHub/Sean/activityD
iagramUserManagement-eps-converted-to.pdf>]
Package epstopdf Info: Source file: <Shaun/graphics/useCaseAdminManagement.eps>

(epstopdf)                    date: 2015-02-27 16:54:49
(epstopdf)                    size: 44218 bytes
(epstopdf)             Output file: <Shaun/graphics/useCaseAdminManagement-eps-
converted-to.pdf>
(epstopdf)                    date: 2015-02-27 16:54:49
(epstopdf)                    size: 13904 bytes
(epstopdf)             Command: <epstopdf --outfile=Shaun/graphics/useCaseAdmin
Management-eps-converted-to.pdf Shaun/graphics/useCaseAdminManagement.eps>
(epstopdf)             \includegraphics on input line 118.
Package epstopdf Info: Output file is already uptodate.

<Shaun/graphics/useCaseAdminManagement-eps-converted-to.pdf, id=243, 557.08125p
t x 336.25626pt>
File: Shaun/graphics/useCaseAdminManagement-eps-converted-to.pdf Graphic file (
type pdf)

<use Shaun/graphics/useCaseAdminManagement-eps-converted-to.pdf>
Package pdftex.def Info: Shaun/graphics/useCaseAdminManagement-eps-converted-to
.pdf used on input line 118.
(pdftex.def)             Requested size: 501.3685pt x 302.62782pt.

Overfull \hbox (111.3685pt too wide) in paragraph at lines 118--119
[] 
 []


Underfull \hbox (badness 10000) in paragraph at lines 118--119

 []

[8]
Package epstopdf Info: Source file: <Sbo/activityDiagramAdminManagement.eps>
(epstopdf)                    date: 2015-02-26 23:31:59
(epstopdf)                    size: 47501 bytes
(epstopdf)             Output file: <Sbo/activityDiagramAdminManagement-eps-con
verted-to.pdf>
(epstopdf)                    date: 2015-02-27 18:24:00
(epstopdf)                    size: 15266 bytes
(epstopdf)             Command: <epstopdf --outfile=Sbo/activityDiagramAdminMan
agement-eps-converted-to.pdf Sbo/activityDiagramAdminManagement.eps>
(epstopdf)             \includegraphics on input line 122.
Package epstopdf Info: Output file is already uptodate.

<Sbo/activityDiagramAdminManagement-eps-converted-to.pdf, id=248, 557.08125pt x
 352.31625pt>
File: Sbo/activityDiagramAdminManagement-eps-converted-to.pdf Graphic file (typ
e pdf)
 <use Sbo/activityDiagramAdminManagement-eps-converted-to.pdf>
Package pdftex.def Info: Sbo/activityDiagramAdminManagement-eps-converted-to.pd
f used on input line 122.
(pdftex.def)             Requested size: 501.3685pt x 317.08168pt.

Overfull \hbox (111.3685pt too wide) in paragraph at lines 122--123
[] 
 []


Underfull \hbox (badness 10000) in paragraph at lines 122--123

 []

[9 <C:/Users/GreaterThanSolomon/Desktop/GitHub/Shaun/graphics/useCaseAdminManag
ement-eps-converted-to.pdf>] [10 <C:/Users/GreaterThanSolomon/Desktop/GitHub/Sb
o/activityDiagramAdminManagement-eps-converted-to.pdf>]
Package epstopdf Info: Source file: <Renaldo/useCaseThreads.eps>
(epstopdf)                    date: 2015-02-27 16:54:48
(epstopdf)                    size: 49222 bytes
(epstopdf)             Output file: <Renaldo/useCaseThreads-eps-converted-to.pd
f>
(epstopdf)                    date: 2015-02-27 16:54:48
(epstopdf)                    size: 17223 bytes
(epstopdf)             Command: <epstopdf --outfile=Renaldo/useCaseThreads-eps-
converted-to.pdf Renaldo/useCaseThreads.eps>
(epstopdf)             \includegraphics on input line 169.
Package epstopdf Info: Output file is already uptodate.

<Renaldo/useCaseThreads-eps-converted-to.pdf, id=316, 557.08125pt x 416.55624pt
>
File: Renaldo/useCaseThreads-eps-converted-to.pdf Graphic file (type pdf)
 <use Renaldo/useCaseThreads-eps-converted-to.pdf>
Package pdftex.def Info: Renaldo/useCaseThreads-eps-converted-to.pdf used on in
put line 169.
(pdftex.def)             Requested size: 501.3685pt x 374.89716pt.

Overfull \hbox (111.3685pt too wide) in paragraph at lines 169--170
[] 
 []


Underfull \hbox (badness 10000) in paragraph at lines 169--170

 []

[11]
Package epstopdf Info: Source file: <Renaldo/activityDiagramCreateThread.eps>
(epstopdf)                    date: 2015-02-27 16:54:48
(epstopdf)                    size: 48212 bytes
(epstopdf)             Output file: <Renaldo/activityDiagramCreateThread-eps-co
nverted-to.pdf>
(epstopdf)                    date: 2015-02-27 16:54:48
(epstopdf)                    size: 15922 bytes
(epstopdf)             Command: <epstopdf --outfile=Renaldo/activityDiagramCrea
teThread-eps-converted-to.pdf Renaldo/activityDiagramCreateThread.eps>
(epstopdf)             \includegraphics on input line 173.
Package epstopdf Info: Output file is already uptodate.

<Renaldo/activityDiagramCreateThread-eps-converted-to.pdf, id=321, 557.08125pt 
x 380.42125pt>
File: Renaldo/activityDiagramCreateThread-eps-converted-to.pdf Graphic file (ty
pe pdf)
 <use Renaldo/activityDiagramCreateThread-eps-converted-to.pdf>
Package pdftex.def Info: Renaldo/activityDiagramCreateThread-eps-converted-to.p
df used on input line 173.
(pdftex.def)             Requested size: 501.3685pt x 342.37595pt.

Overfull \hbox (111.3685pt too wide) in paragraph at lines 173--174
[] 
 []


Underfull \hbox (badness 10000) in paragraph at lines 173--174

 []

[12 <C:/Users/GreaterThanSolomon/Desktop/GitHub/Renaldo/useCaseThreads-eps-conv
erted-to.pdf>]
Package epstopdf Info: Source file: <Renaldo/activityDiagramDeleteThreads.eps>
(epstopdf)                    date: 2015-02-27 16:54:48
(epstopdf)                    size: 48313 bytes
(epstopdf)             Output file: <Renaldo/activityDiagramDeleteThreads-eps-c
onverted-to.pdf>
(epstopdf)                    date: 2015-02-27 16:54:48
(epstopdf)                    size: 15677 bytes
(epstopdf)             Command: <epstopdf --outfile=Renaldo/activityDiagramDele
teThreads-eps-converted-to.pdf Renaldo/activityDiagramDeleteThreads.eps>
(epstopdf)             \includegraphics on input line 176.
Package epstopdf Info: Output file is already uptodate.

<Renaldo/activityDiagramDeleteThreads-eps-converted-to.pdf, id=361, 557.08125pt
 x 360.34625pt>
File: Renaldo/activityDiagramDeleteThreads-eps-converted-to.pdf Graphic file (t
ype pdf)

<use Renaldo/activityDiagramDeleteThreads-eps-converted-to.pdf>
Package pdftex.def Info: Renaldo/activityDiagramDeleteThreads-eps-converted-to.
pdf used on input line 176.
(pdftex.def)             Requested size: 501.3685pt x 324.30862pt.

Overfull \hbox (111.3685pt too wide) in paragraph at lines 176--177
[] 
 []


Underfull \hbox (badness 10000) in paragraph at lines 176--177

 []

[13 <C:/Users/GreaterThanSolomon/Desktop/GitHub/Renaldo/activityDiagramCreateTh
read-eps-converted-to.pdf>]
Package epstopdf Info: Source file: <Andreas/activityDiagramReadThreads.eps>
(epstopdf)                    date: 2015-02-27 16:54:43
(epstopdf)                    size: 49880 bytes
(epstopdf)             Output file: <Andreas/activityDiagramReadThreads-eps-con
verted-to.pdf>
(epstopdf)                    date: 2015-02-27 16:54:43
(epstopdf)                    size: 17507 bytes
(epstopdf)             Command: <epstopdf --outfile=Andreas/activityDiagramRead
Threads-eps-converted-to.pdf Andreas/activityDiagramReadThreads.eps>
(epstopdf)             \includegraphics on input line 179.
Package epstopdf Info: Output file is already uptodate.

<Andreas/activityDiagramReadThreads-eps-converted-to.pdf, id=399, 557.08125pt x
 388.45125pt>
File: Andreas/activityDiagramReadThreads-eps-converted-to.pdf Graphic file (typ
e pdf)
 <use Andreas/activityDiagramReadThreads-eps-converted-to.pdf>
Package pdftex.def Info: Andreas/activityDiagramReadThreads-eps-converted-to.pd
f used on input line 179.
(pdftex.def)             Requested size: 501.3685pt x 349.60287pt.

Overfull \hbox (111.3685pt too wide) in paragraph at lines 179--180
[] 
 []


Underfull \hbox (badness 10000) in paragraph at lines 179--180

 []

[14 <C:/Users/GreaterThanSolomon/Desktop/GitHub/Renaldo/activityDiagramDeleteTh
reads-eps-converted-to.pdf>]
Package epstopdf Info: Source file: <Andreas/stateDiagramreadTracking.eps>
(epstopdf)                    date: 2015-02-27 16:54:44
(epstopdf)                    size: 41708 bytes
(epstopdf)             Output file: <Andreas/stateDiagramreadTracking-eps-conve
rted-to.pdf>
(epstopdf)                    date: 2015-02-27 16:54:44
(epstopdf)                    size: 11871 bytes
(epstopdf)             Command: <epstopdf --outfile=Andreas/stateDiagramreadTra
cking-eps-converted-to.pdf Andreas/stateDiagramreadTracking.eps>
(epstopdf)             \includegraphics on input line 182.
Package epstopdf Info: Output file is already uptodate.

<Andreas/stateDiagramreadTracking-eps-converted-to.pdf, id=436, 557.08125pt x 2
57.96375pt>
File: Andreas/stateDiagramreadTracking-eps-converted-to.pdf Graphic file (type 
pdf)
 <use Andreas/stateDiagramreadTracking-eps-converted-to.pdf>
Package pdftex.def Info: Andreas/stateDiagramreadTracking-eps-converted-to.pdf 
used on input line 182.
(pdftex.def)             Requested size: 501.3685pt x 232.1652pt.

Overfull \hbox (111.3685pt too wide) in paragraph at lines 182--183
[] 
 []


Underfull \hbox (badness 10000) in paragraph at lines 182--183

 []

[15 <C:/Users/GreaterThanSolomon/Desktop/GitHub/Andreas/activityDiagramReadThre
ads-eps-converted-to.pdf>] [16 <C:/Users/GreaterThanSolomon/Desktop/GitHub/Andr
eas/stateDiagramreadTracking-eps-converted-to.pdf>]
Package epstopdf Info: Source file: <Kgomotso/graphics/useCaseUserRanking.eps>
(epstopdf)                    date: 2015-02-27 12:54:36
(epstopdf)                    size: 43339 bytes
(epstopdf)             Output file: <Kgomotso/graphics/useCaseUserRanking-eps-c
onverted-to.pdf>
(epstopdf)                    date: 2015-02-27 23:11:46
(epstopdf)                    size: 13121 bytes
(epstopdf)             Command: <epstopdf --outfile=Kgomotso/graphics/useCaseUs
erRanking-eps-converted-to.pdf Kgomotso/graphics/useCaseUserRanking.eps>
(epstopdf)             \includegraphics on input line 213.
Package epstopdf Info: Output file is already uptodate.

<Kgomotso/graphics/useCaseUserRanking-eps-converted-to.pdf, id=504, 557.08125pt
 x 257.96375pt>
File: Kgomotso/graphics/useCaseUserRanking-eps-converted-to.pdf Graphic file (t
ype pdf)

<use Kgomotso/graphics/useCaseUserRanking-eps-converted-to.pdf>
Package pdftex.def Info: Kgomotso/graphics/useCaseUserRanking-eps-converted-to.
pdf used on input line 213.
(pdftex.def)             Requested size: 501.3685pt x 232.1652pt.

Overfull \hbox (111.3685pt too wide) in paragraph at lines 213--214
[] 
 []


Underfull \hbox (badness 10000) in paragraph at lines 213--214

 []

Package epstopdf Info: Source file: <Kgomotso/graphics/activityDiagramRatingPos
t.eps>
(epstopdf)                    date: 2015-02-27 02:16:40
(epstopdf)                    size: 44942 bytes
(epstopdf)             Output file: <Kgomotso/graphics/activityDiagramRatingPos
t-eps-converted-to.pdf>
(epstopdf)                    date: 2015-02-27 23:11:50
(epstopdf)                    size: 13543 bytes
(epstopdf)             Command: <epstopdf --outfile=Kgomotso/graphics/activityD
iagramRatingPost-eps-converted-to.pdf Kgomotso/graphics/activityDiagramRatingPo
st.eps>
(epstopdf)             \includegraphics on input line 217.
Package epstopdf Info: Output file is already uptodate.

<Kgomotso/graphics/activityDiagramRatingPost-eps-converted-to.pdf, id=505, 557.
08125pt x 362.35374pt>
File: Kgomotso/graphics/activityDiagramRatingPost-eps-converted-to.pdf Graphic 
file (type pdf)

<use Kgomotso/graphics/activityDiagramRatingPost-eps-converted-to.pdf>
Package pdftex.def Info: Kgomotso/graphics/activityDiagramRatingPost-eps-conver
ted-to.pdf used on input line 217.
(pdftex.def)             Requested size: 501.3685pt x 326.11536pt.

Overfull \hbox (111.3685pt too wide) in paragraph at lines 217--218
[] 
 []


Underfull \hbox (badness 10000) in paragraph at lines 217--218

 []

[17 <C:/Users/GreaterThanSolomon/Desktop/GitHub/Kgomotso/graphics/useCaseUserRa
nking-eps-converted-to.pdf>]
Package epstopdf Info: Source file: <Kgomotso/graphics/activityDiagramMarkAlloc
ation.eps>
(epstopdf)                    date: 2015-02-27 02:16:30
(epstopdf)                    size: 49044 bytes
(epstopdf)             Output file: <Kgomotso/graphics/activityDiagramMarkAlloc
ation-eps-converted-to.pdf>
(epstopdf)                    date: 2015-02-27 23:11:56
(epstopdf)                    size: 15571 bytes
(epstopdf)             Command: <epstopdf --outfile=Kgomotso/graphics/activityD
iagramMarkAllocation-eps-converted-to.pdf Kgomotso/graphics/activityDiagramMark
Allocation.eps>
(epstopdf)             \includegraphics on input line 220.
Package epstopdf Info: Output file is already uptodate.

<Kgomotso/graphics/activityDiagramMarkAllocation-eps-converted-to.pdf, id=533, 
557.08125pt x 352.31625pt>
File: Kgomotso/graphics/activityDiagramMarkAllocation-eps-converted-to.pdf Grap
hic file (type pdf)

<use Kgomotso/graphics/activityDiagramMarkAllocation-eps-converted-to.pdf>
Package pdftex.def Info: Kgomotso/graphics/activityDiagramMarkAllocation-eps-co
nverted-to.pdf used on input line 220.
(pdftex.def)             Requested size: 501.3685pt x 317.08168pt.

Overfull \hbox (111.3685pt too wide) in paragraph at lines 220--221
[] 
 []


Underfull \hbox (badness 10000) in paragraph at lines 220--221

 []

[18 <C:/Users/GreaterThanSolomon/Desktop/GitHub/Kgomotso/graphics/activityDiagr
amRatingPost-eps-converted-to.pdf>]
Package epstopdf Info: Source file: <Kgomotso/graphics/activityDiagramManageRan
king.eps>
(epstopdf)                    date: 2015-02-27 02:16:22
(epstopdf)                    size: 50627 bytes
(epstopdf)             Output file: <Kgomotso/graphics/activityDiagramManageRan
king-eps-converted-to.pdf>
(epstopdf)                    date: 2015-02-27 23:12:00
(epstopdf)                    size: 16652 bytes
(epstopdf)             Command: <epstopdf --outfile=Kgomotso/graphics/activityD
iagramManageRanking-eps-converted-to.pdf Kgomotso/graphics/activityDiagramManag
eRanking.eps>
(epstopdf)             \includegraphics on input line 223.
Package epstopdf Info: Output file is already uptodate.

<Kgomotso/graphics/activityDiagramManageRanking-eps-converted-to.pdf, id=566, 5
57.08125pt x 354.32375pt>
File: Kgomotso/graphics/activityDiagramManageRanking-eps-converted-to.pdf Graph
ic file (type pdf)

<use Kgomotso/graphics/activityDiagramManageRanking-eps-converted-to.pdf>
Package pdftex.def Info: Kgomotso/graphics/activityDiagramManageRanking-eps-con
verted-to.pdf used on input line 223.
(pdftex.def)             Requested size: 501.3685pt x 318.88841pt.

Overfull \hbox (111.3685pt too wide) in paragraph at lines 223--224
[] 
 []


Underfull \hbox (badness 10000) in paragraph at lines 223--224

 []

[19 <C:/Users/GreaterThanSolomon/Desktop/GitHub/Kgomotso/graphics/activityDiagr
amMarkAllocation-eps-converted-to.pdf>] [20 <C:/Users/GreaterThanSolomon/Deskto
p/GitHub/Kgomotso/graphics/activityDiagramManageRanking-eps-converted-to.pdf>]
Package epstopdf Info: Source file: <Semaka/graphics/useCaseSocialTagging.eps>
(epstopdf)                    date: 2015-02-27 16:54:49
(epstopdf)                    size: 44114 bytes
(epstopdf)             Output file: <Semaka/graphics/useCaseSocialTagging-eps-c
onverted-to.pdf>
(epstopdf)                    date: 2015-02-27 16:54:49
(epstopdf)                    size: 14009 bytes
(epstopdf)             Command: <epstopdf --outfile=Semaka/graphics/useCaseSoci
alTagging-eps-converted-to.pdf Semaka/graphics/useCaseSocialTagging.eps>
(epstopdf)             \includegraphics on input line 257.
Package epstopdf Info: Output file is already uptodate.

<Semaka/graphics/useCaseSocialTagging-eps-converted-to.pdf, id=652, 557.08125pt
 x 414.54875pt>
File: Semaka/graphics/useCaseSocialTagging-eps-converted-to.pdf Graphic file (t
ype pdf)

<use Semaka/graphics/useCaseSocialTagging-eps-converted-to.pdf>
Package pdftex.def Info: Semaka/graphics/useCaseSocialTagging-eps-converted-to.
pdf used on input line 257.
(pdftex.def)             Requested size: 501.3685pt x 373.09042pt.

Overfull \hbox (111.3685pt too wide) in paragraph at lines 257--258
[] 
 []


Underfull \hbox (badness 10000) in paragraph at lines 257--258

 []

[21]
Package epstopdf Info: Source file: <Semaka/graphics/activityDiagramSocialTaggi
ng.eps>
(epstopdf)                    date: 2015-02-27 16:54:49
(epstopdf)                    size: 43183 bytes
(epstopdf)             Output file: <Semaka/graphics/activityDiagramSocialTaggi
ng-eps-converted-to.pdf>
(epstopdf)                    date: 2015-02-27 16:54:49
(epstopdf)                    size: 12648 bytes
(epstopdf)             Command: <epstopdf --outfile=Semaka/graphics/activityDia
gramSocialTagging-eps-converted-to.pdf Semaka/graphics/activityDiagramSocialTag
ging.eps>
(epstopdf)             \includegraphics on input line 261.
Package epstopdf Info: Output file is already uptodate.

<Semaka/graphics/activityDiagramSocialTagging-eps-converted-to.pdf, id=657, 557
.08125pt x 352.31625pt>
File: Semaka/graphics/activityDiagramSocialTagging-eps-converted-to.pdf Graphic
 file (type pdf)

<use Semaka/graphics/activityDiagramSocialTagging-eps-converted-to.pdf>
Package pdftex.def Info: Semaka/graphics/activityDiagramSocialTagging-eps-conve
rted-to.pdf used on input line 261.
(pdftex.def)             Requested size: 501.3685pt x 317.08168pt.

Overfull \hbox (111.3685pt too wide) in paragraph at lines 261--262
[] 
 []


Underfull \hbox (badness 10000) in paragraph at lines 261--262

 []

[22 <C:/Users/GreaterThanSolomon/Desktop/GitHub/Semaka/graphics/useCaseSocialTa
gging-eps-converted-to.pdf>] [23 <C:/Users/GreaterThanSolomon/Desktop/GitHub/Se
maka/graphics/activityDiagramSocialTagging-eps-converted-to.pdf>]
Package epstopdf Info: Source file: <Hlavutelo/graphics/useCaseReporting.eps>
(epstopdf)                    date: 2015-02-27 17:52:38
(epstopdf)                    size: 45443 bytes
(epstopdf)             Output file: <Hlavutelo/graphics/useCaseReporting-eps-co
nverted-to.pdf>
(epstopdf)                    date: 2015-02-27 18:01:39
(epstopdf)                    size: 15733 bytes
(epstopdf)             Command: <epstopdf --outfile=Hlavutelo/graphics/useCaseR
eporting-eps-converted-to.pdf Hlavutelo/graphics/useCaseReporting.eps>
(epstopdf)             \includegraphics on input line 300.
Package epstopdf Info: Output file is already uptodate.

<Hlavutelo/graphics/useCaseReporting-eps-converted-to.pdf, id=717, 557.08125pt 
x 356.33125pt>
File: Hlavutelo/graphics/useCaseReporting-eps-converted-to.pdf Graphic file (ty
pe pdf)
 <use Hlavutelo/graphics/useCaseReporting-eps-converted-to.pdf>
Package pdftex.def Info: Hlavutelo/graphics/useCaseReporting-eps-converted-to.p
df used on input line 300.
(pdftex.def)             Requested size: 501.3685pt x 320.69514pt.

Overfull \hbox (111.3685pt too wide) in paragraph at lines 300--301
[] 
 []


Underfull \hbox (badness 10000) in paragraph at lines 300--301

 []

[24]
Package epstopdf Info: Source file: <Hlavutelo/graphics/activityDiagramReportin
g.eps>
(epstopdf)                    date: 2015-02-27 17:52:52
(epstopdf)                    size: 46445 bytes
(epstopdf)             Output file: <Hlavutelo/graphics/activityDiagramReportin
g-eps-converted-to.pdf>
(epstopdf)                    date: 2015-02-27 18:01:42
(epstopdf)                    size: 15388 bytes
(epstopdf)             Command: <epstopdf --outfile=Hlavutelo/graphics/activity
DiagramReporting-eps-converted-to.pdf Hlavutelo/graphics/activityDiagramReporti
ng.eps>
(epstopdf)             \includegraphics on input line 303.
Package epstopdf Info: Output file is already uptodate.

<Hlavutelo/graphics/activityDiagramReporting-eps-converted-to.pdf, id=722, 557.
08125pt x 318.18875pt>
File: Hlavutelo/graphics/activityDiagramReporting-eps-converted-to.pdf Graphic 
file (type pdf)

<use Hlavutelo/graphics/activityDiagramReporting-eps-converted-to.pdf>
Package pdftex.def Info: Hlavutelo/graphics/activityDiagramReporting-eps-conver
ted-to.pdf used on input line 303.
(pdftex.def)             Requested size: 501.3685pt x 286.36722pt.

Overfull \hbox (111.3685pt too wide) in paragraph at lines 303--304
[] 
 []


Underfull \hbox (badness 10000) in paragraph at lines 303--304

 []

[25 <C:/Users/GreaterThanSolomon/Desktop/GitHub/Hlavutelo/graphics/useCaseRepor
ting-eps-converted-to.pdf>]
Package epstopdf Info: Source file: <Kgomotso/graphics/UMLDomainModel.eps>
(epstopdf)                    date: 2015-02-27 15:18:14
(epstopdf)                    size: 47281 bytes
(epstopdf)             Output file: <Kgomotso/graphics/UMLDomainModel-eps-conve
rted-to.pdf>
(epstopdf)                    date: 2015-02-28 03:37:02
(epstopdf)                    size: 14975 bytes
(epstopdf)             Command: <epstopdf --outfile=Kgomotso/graphics/UMLDomain
Model-eps-converted-to.pdf Kgomotso/graphics/UMLDomainModel.eps>
(epstopdf)             \includegraphics on input line 306.
Package epstopdf Info: Output file is already uptodate.

<Kgomotso/graphics/UMLDomainModel-eps-converted-to.pdf, id=760, 557.08125pt x 3
52.31625pt>
File: Kgomotso/graphics/UMLDomainModel-eps-converted-to.pdf Graphic file (type 
pdf)
 <use Kgomotso/graphics/UMLDomainModel-eps-converted-to.pdf>
Package pdftex.def Info: Kgomotso/graphics/UMLDomainModel-eps-converted-to.pdf 
used on input line 306.
(pdftex.def)             Requested size: 501.3685pt x 317.08168pt.

Overfull \hbox (111.3685pt too wide) in paragraph at lines 306--307
[] 
 []


Underfull \hbox (badness 10000) in paragraph at lines 306--307

 []

[26 <C:/Users/GreaterThanSolomon/Desktop/GitHub/Hlavutelo/graphics/activityDiag
ramReporting-eps-converted-to.pdf>]
Package epstopdf Info: Source file: <Shaun/graphics/useCasesHighLevelOverview.e
ps>
(epstopdf)                    date: 2015-02-27 16:54:49
(epstopdf)                    size: 43897 bytes
(epstopdf)             Output file: <Shaun/graphics/useCasesHighLevelOverview-e
ps-converted-to.pdf>
(epstopdf)                    date: 2015-02-27 16:54:49
(epstopdf)                    size: 14192 bytes
(epstopdf)             Command: <epstopdf --outfile=Shaun/graphics/useCasesHigh
LevelOverview-eps-converted-to.pdf Shaun/graphics/useCasesHighLevelOverview.eps
>
(epstopdf)             \includegraphics on input line 309.
Package epstopdf Info: Output file is already uptodate.

<Shaun/graphics/useCasesHighLevelOverview-eps-converted-to.pdf, id=796, 557.081
25pt x 336.25626pt>
File: Shaun/graphics/useCasesHighLevelOverview-eps-converted-to.pdf Graphic fil
e (type pdf)

<use Shaun/graphics/useCasesHighLevelOverview-eps-converted-to.pdf>
Package pdftex.def Info: Shaun/graphics/useCasesHighLevelOverview-eps-converted
-to.pdf used on input line 309.
(pdftex.def)             Requested size: 501.3685pt x 302.62782pt.
Package atveryend Info: Empty hook `BeforeClearDocument' on input line 310.

Overfull \hbox (111.3685pt too wide) in paragraph at lines 309--310
[] 
 []


Underfull \hbox (badness 10000) in paragraph at lines 309--310

 []

[27 <C:/Users/GreaterThanSolomon/Desktop/GitHub/Kgomotso/graphics/UMLDomainMode
l-eps-converted-to.pdf>] [28 <C:/Users/GreaterThanSolomon/Desktop/GitHub/Shaun/
graphics/useCasesHighLevelOverview-eps-converted-to.pdf>]
Package atveryend Info: Empty hook `AfterLastShipout' on input line 310.

("C:\Users\GreaterThanSolomon\Desktop\GitHub\Functional Requirements_Group_5a.a
ux")
Package atveryend Info: Executing hook `AtVeryEndDocument' on input line 310.
Package atveryend Info: Empty hook `AtEndAfterFileList' on input line 310.
Package atveryend Info: Empty hook `AtVeryVeryEnd' on input line 310.
 ) 
Here is how much of TeX's memory you used:
 5652 strings out of 493921
 89073 string characters out of 3144035
 162979 words of memory out of 3000000
 8778 multiletter control sequences out of 15000+200000
 7894 words of font info for 28 fonts, out of 3000000 for 9000
 841 hyphenation exceptions out of 8191
 35i,6n,30p,267b,383s stack positions out of 5000i,500n,10000p,200000b,50000s
<C:/Program Files (x86)/MiKTeX 2.9 L/fonts/type1/public/amsfonts/cm/cmbx12.pf
b><C:/Program Files (x86)/MiKTeX 2.9 L/fonts/type1/public/amsfonts/cm/cmr12.pfb
><C:/Program Files (x86)/MiKTeX 2.9 L/fonts/type1/public/amsfonts/cm/cmr17.pfb>
<C:/Program Files (x86)/MiKTeX 2.9 L/fonts/type1/public/amsfonts/cm/cmsy10.pfb>

Output written on "Functional Requirements_Group_5a.pdf" (28 pages, 666452 byte
s).
PDF statistics:
 1106 PDF objects out of 1200 (max. 8388607)
 100 named destinations out of 1000 (max. 500000)
 661 words of extra memory for PDF output out of 10000 (max. 10000000)

