This is pdfTeX, Version 3.1415926-2.5-1.40.14 (MiKTeX 2.9) (preloaded format=pdflatex 2015.2.26)  26 FEB 2015 11:32
entering extended mode
**Functional_Requirements_Group5a.tex
(G:\COS301_Group5_a\Functional_Requirements_Group5a.tex
LaTeX2e <2011/06/27>
Babel <v3.8m> and hyphenation patterns for english, afrikaans, ancientgreek, ar
abic, armenian, assamese, basque, bengali, bokmal, bulgarian, catalan, coptic, 
croatian, czech, danish, dutch, esperanto, estonian, farsi, finnish, french, ga
lician, german, german-x-2013-05-26, greek, gujarati, hindi, hungarian, iceland
ic, indonesian, interlingua, irish, italian, kannada, kurmanji, latin, latvian,
 lithuanian, malayalam, marathi, mongolian, mongolianlmc, monogreek, ngerman, n
german-x-2013-05-26, nynorsk, oriya, panjabi, pinyin, polish, portuguese, roman
ian, russian, sanskrit, serbian, slovak, slovenian, spanish, swedish, swissgerm
an, tamil, telugu, turkish, turkmen, ukenglish, ukrainian, uppersorbian, usengl
ishmax, welsh, loaded.
("C:\Program Files\MiKTeX 2.9\tex\latex\koma-script\scrreprt.cls"
Document Class: scrreprt 2013/12/19 v3.12 KOMA-Script document class (report)
("C:\Program Files\MiKTeX 2.9\tex\latex\koma-script\scrkbase.sty"
Package: scrkbase 2013/12/19 v3.12 KOMA-Script package (KOMA-Script-dependent b
asics and keyval usage)

("C:\Program Files\MiKTeX 2.9\tex\latex\koma-script\scrbase.sty"
Package: scrbase 2013/12/19 v3.12 KOMA-Script package (KOMA-Script-independent 
basics and keyval usage)

("C:\Program Files\MiKTeX 2.9\tex\latex\graphics\keyval.sty"
Package: keyval 1999/03/16 v1.13 key=value parser (DPC)
\KV@toks@=\toks14
)
("C:\Program Files\MiKTeX 2.9\tex\latex\koma-script\scrlfile.sty"
Package: scrlfile 2013/12/19 v3.12 KOMA-Script package (loading files)

Package scrlfile, 2013/12/19 v3.12 KOMA-Script package (loading files)
                  Copyright (C) Markus Kohm

))) ("C:\Program Files\MiKTeX 2.9\tex\latex\koma-script\tocbasic.sty"
Package: tocbasic 2013/12/19 v3.12 KOMA-Script package (handling toc-files)
)
Package tocbasic Info: omitting babel extension for `toc'
(tocbasic)             because of feature `nobabel' available
(tocbasic)             for `toc' on input line 117.
Package tocbasic Info: omitting babel extension for `lof'
(tocbasic)             because of feature `nobabel' available
(tocbasic)             for `lof' on input line 118.
Package tocbasic Info: omitting babel extension for `lot'
(tocbasic)             because of feature `nobabel' available
(tocbasic)             for `lot' on input line 119.
Package tocbasic Info: defining new hook before heading of `' on input line 112
3.
Class scrreprt Info: File `scrsize11pt.clo' used instead of
(scrreprt)           file `scrsize11.clo' to setup font sizes on input line 165
5.

("C:\Program Files\MiKTeX 2.9\tex\latex\koma-script\scrsize11pt.clo"
File: scrsize11pt.clo 2013/12/19 v3.12 KOMA-Script font size class option (11pt
)
)
("C:\Program Files\MiKTeX 2.9\tex\latex\koma-script\typearea.sty"
Package: typearea 2013/12/19 v3.12 KOMA-Script package (type area)

Package typearea, 2013/12/19 v3.12 KOMA-Script package (type area)
                  Copyright (C) Frank Neukam, 1992-1994
                  Copyright (C) Markus Kohm, 1994-

\ta@bcor=\skip41
\ta@div=\count79
\ta@hblk=\skip42
\ta@vblk=\skip43
\ta@temp=\skip44
\footheight=\skip45
Package typearea Info: These are the values describing the layout:
(typearea)             DIV  = 10
(typearea)             BCOR = 0.0pt
(typearea)             \paperwidth      = 597.50793pt
(typearea)              \textwidth      = 418.25555pt
(typearea)              DIV departure   = -6%
(typearea)              \evensidemargin = 17.3562pt
(typearea)              \oddsidemargin  = 17.3562pt
(typearea)             \paperheight     = 845.04694pt
(typearea)              \textheight     = 595.80026pt
(typearea)              \topmargin      = -25.16531pt
(typearea)              \headheight     = 17.0pt
(typearea)              \headsep        = 20.40001pt
(typearea)              \topskip        = 11.0pt
(typearea)              \footskip       = 47.6pt
(typearea)              \baselineskip   = 13.6pt
(typearea)              on input line 1330.
)
\c@part=\count80
\c@chapter=\count81
\c@section=\count82
\c@subsection=\count83
\c@subsubsection=\count84
\c@paragraph=\count85
\c@subparagraph=\count86
\abovecaptionskip=\skip46
\belowcaptionskip=\skip47
\c@pti@nb@sid@b@x=\box26
\c@figure=\count87
\c@table=\count88
\bibindent=\dimen102
) ("C:\Program Files\MiKTeX 2.9\tex\latex\hyperref\hyperref.sty"
Package: hyperref 2012/11/06 v6.83m Hypertext links for LaTeX

("C:\Program Files\MiKTeX 2.9\tex\generic\oberdiek\hobsub-hyperref.sty"
Package: hobsub-hyperref 2012/04/25 v1.12 Bundle oberdiek, subset hyperref (HO)


("C:\Program Files\MiKTeX 2.9\tex\generic\oberdiek\hobsub-generic.sty"
Package: hobsub-generic 2012/04/25 v1.12 Bundle oberdiek, subset generic (HO)
Package: hobsub 2012/04/25 v1.12 Construct package bundles (HO)
Package: infwarerr 2010/04/08 v1.3 Providing info/warning/error messages (HO)
Package: ltxcmds 2011/11/09 v1.22 LaTeX kernel commands for general use (HO)
Package: ifluatex 2010/03/01 v1.3 Provides the ifluatex switch (HO)
Package ifluatex Info: LuaTeX not detected.
Package: ifvtex 2010/03/01 v1.5 Detect VTeX and its facilities (HO)
Package ifvtex Info: VTeX not detected.
Package: intcalc 2007/09/27 v1.1 Expandable calculations with integers (HO)
Package: ifpdf 2011/01/30 v2.3 Provides the ifpdf switch (HO)
Package ifpdf Info: pdfTeX in PDF mode is detected.
Package: etexcmds 2011/02/16 v1.5 Avoid name clashes with e-TeX commands (HO)
Package etexcmds Info: Could not find \expanded.
(etexcmds)             That can mean that you are not using pdfTeX 1.50 or
(etexcmds)             that some package has redefined \expanded.
(etexcmds)             In the latter case, load this package earlier.
Package: kvsetkeys 2012/04/25 v1.16 Key value parser (HO)
Package: kvdefinekeys 2011/04/07 v1.3 Define keys (HO)
Package: pdftexcmds 2011/11/29 v0.20 Utility functions of pdfTeX for LuaTeX (HO
)
Package pdftexcmds Info: LuaTeX not detected.
Package pdftexcmds Info: \pdf@primitive is available.
Package pdftexcmds Info: \pdf@ifprimitive is available.
Package pdftexcmds Info: \pdfdraftmode found.
Package: pdfescape 2011/11/25 v1.13 Implements pdfTeX's escape features (HO)
Package: bigintcalc 2012/04/08 v1.3 Expandable calculations on big integers (HO
)
Package: bitset 2011/01/30 v1.1 Handle bit-vector datatype (HO)
Package: uniquecounter 2011/01/30 v1.2 Provide unlimited unique counter (HO)
)
Package hobsub Info: Skipping package `hobsub' (already loaded).
Package: letltxmacro 2010/09/02 v1.4 Let assignment for LaTeX macros (HO)
Package: hopatch 2011/06/24 v1.1 Wrapper for package hooks (HO)
Package: xcolor-patch 2011/01/30 xcolor patch
Package: atveryend 2011/06/30 v1.8 Hooks at the very end of document (HO)
Package atveryend Info: \enddocument detected (standard20110627).
Package: atbegshi 2011/10/05 v1.16 At begin shipout hook (HO)
Package: refcount 2011/10/16 v3.4 Data extraction from label references (HO)
Package: hycolor 2011/01/30 v1.7 Color options for hyperref/bookmark (HO)
)
("C:\Program Files\MiKTeX 2.9\tex\generic\ifxetex\ifxetex.sty"
Package: ifxetex 2010/09/12 v0.6 Provides ifxetex conditional
)
("C:\Program Files\MiKTeX 2.9\tex\latex\oberdiek\auxhook.sty"
Package: auxhook 2011/03/04 v1.3 Hooks for auxiliary files (HO)
)
("C:\Program Files\MiKTeX 2.9\tex\latex\oberdiek\kvoptions.sty"
Package: kvoptions 2011/06/30 v3.11 Key value format for package options (HO)
)
\@linkdim=\dimen103
\Hy@linkcounter=\count89
\Hy@pagecounter=\count90

("C:\Program Files\MiKTeX 2.9\tex\latex\hyperref\pd1enc.def"
File: pd1enc.def 2012/11/06 v6.83m Hyperref: PDFDocEncoding definition (HO)
)
\Hy@SavedSpaceFactor=\count91

("C:\Program Files\MiKTeX 2.9\tex\latex\00miktex\hyperref.cfg"
File: hyperref.cfg 2002/06/06 v1.2 hyperref configuration of TeXLive
)
Package hyperref Info: Option `bookmarks' set `true' on input line 4319.
Package hyperref Info: Hyper figures OFF on input line 4443.
Package hyperref Info: Link nesting OFF on input line 4448.
Package hyperref Info: Hyper index ON on input line 4451.
Package hyperref Info: Plain pages OFF on input line 4458.
Package hyperref Info: Backreferencing OFF on input line 4463.
Package hyperref Info: Implicit mode ON; LaTeX internals redefined.
Package hyperref Info: Bookmarks ON on input line 4688.
\c@Hy@tempcnt=\count92

("C:\Program Files\MiKTeX 2.9\tex\latex\url\url.sty"
\Urlmuskip=\muskip10
Package: url 2013/09/16  ver 3.4  Verb mode for urls, etc.
)
LaTeX Info: Redefining \url on input line 5041.
\XeTeXLinkMargin=\dimen104
\Fld@menulength=\count93
\Field@Width=\dimen105
\Fld@charsize=\dimen106
Package hyperref Info: Hyper figures OFF on input line 6295.
Package hyperref Info: Link nesting OFF on input line 6300.
Package hyperref Info: Hyper index ON on input line 6303.
Package hyperref Info: backreferencing OFF on input line 6310.
Package hyperref Info: Link coloring OFF on input line 6315.
Package hyperref Info: Link coloring with OCG OFF on input line 6320.
Package hyperref Info: PDF/A mode OFF on input line 6325.
LaTeX Info: Redefining \ref on input line 6365.
LaTeX Info: Redefining \pageref on input line 6369.
\Hy@abspage=\count94
\c@Item=\count95
\c@Hfootnote=\count96
)

Package hyperref Message: Driver (autodetected): hpdftex.

("C:\Program Files\MiKTeX 2.9\tex\latex\hyperref\hpdftex.def"
File: hpdftex.def 2012/11/06 v6.83m Hyperref driver for pdfTeX
\Fld@listcount=\count97
\c@bookmark@seq@number=\count98

("C:\Program Files\MiKTeX 2.9\tex\latex\oberdiek\rerunfilecheck.sty"
Package: rerunfilecheck 2011/04/15 v1.7 Rerun checks for auxiliary files (HO)
Package uniquecounter Info: New unique counter `rerunfilecheck' on input line 2
82.
)
\Hy@SectionHShift=\skip48
)
("C:\Program Files\MiKTeX 2.9\tex\latex\tabto\tabto.sty"
Package: tabto 2013/03/25  v 1.3  Another tabbing mechanism
\CurrentLineWidth=\dimen107
)
("C:\Program Files\MiKTeX 2.9\tex\latex\graphics\epsfig.sty"
Package: epsfig 1999/02/16 v1.7a (e)psfig emulation (SPQR)

("C:\Program Files\MiKTeX 2.9\tex\latex\graphics\graphicx.sty"
Package: graphicx 1999/02/16 v1.0f Enhanced LaTeX Graphics (DPC,SPQR)

("C:\Program Files\MiKTeX 2.9\tex\latex\graphics\graphics.sty"
Package: graphics 2009/02/05 v1.0o Standard LaTeX Graphics (DPC,SPQR)

("C:\Program Files\MiKTeX 2.9\tex\latex\graphics\trig.sty"
Package: trig 1999/03/16 v1.09 sin cos tan (DPC)
)
("C:\Program Files\MiKTeX 2.9\tex\latex\00miktex\graphics.cfg"
File: graphics.cfg 2007/01/18 v1.5 graphics configuration of teTeX/TeXLive
)
Package graphics Info: Driver file: pdftex.def on input line 91.

("C:\Program Files\MiKTeX 2.9\tex\latex\pdftex-def\pdftex.def"
File: pdftex.def 2011/05/27 v0.06d Graphics/color for pdfTeX
\Gread@gobject=\count99
))
\Gin@req@height=\dimen108
\Gin@req@width=\dimen109
)
\epsfxsize=\dimen110
\epsfysize=\dimen111
)
("C:\Program Files\MiKTeX 2.9\tex\latex\oberdiek\epstopdf.sty"
Package: epstopdf 2010/02/09 v2.5 Conversion with epstopdf on the fly (HO)

("C:\Program Files\MiKTeX 2.9\tex\latex\oberdiek\epstopdf-base.sty"
Package: epstopdf-base 2010/02/09 v2.5 Base part for package epstopdf

("C:\Program Files\MiKTeX 2.9\tex\latex\oberdiek\grfext.sty"
Package: grfext 2010/08/19 v1.1 Manage graphics extensions (HO)
)
Package grfext Info: Graphics extension search list:
(grfext)             [.png,.pdf,.jpg,.mps,.jpeg,.jbig2,.jb2,.PNG,.PDF,.JPG,.JPE
G,.JBIG2,.JB2,.eps]
(grfext)             \AppendGraphicsExtensions on input line 452.
))
Package hyperref Info: Option `colorlinks' set `true' on input line 14.

(G:\COS301_Group5_a\Functional_Requirements_Group5a.aux)
LaTeX Font Info:    Checking defaults for OML/cmm/m/it on input line 49.
LaTeX Font Info:    ... okay on input line 49.
LaTeX Font Info:    Checking defaults for T1/cmr/m/n on input line 49.
LaTeX Font Info:    ... okay on input line 49.
LaTeX Font Info:    Checking defaults for OT1/cmr/m/n on input line 49.
LaTeX Font Info:    ... okay on input line 49.
LaTeX Font Info:    Checking defaults for OMS/cmsy/m/n on input line 49.
LaTeX Font Info:    ... okay on input line 49.
LaTeX Font Info:    Checking defaults for OMX/cmex/m/n on input line 49.
LaTeX Font Info:    ... okay on input line 49.
LaTeX Font Info:    Checking defaults for U/cmr/m/n on input line 49.
LaTeX Font Info:    ... okay on input line 49.
LaTeX Font Info:    Checking defaults for PD1/pdf/m/n on input line 49.
LaTeX Font Info:    ... okay on input line 49.
\AtBeginShipoutBox=\box27

("C:\Program Files\MiKTeX 2.9\tex\latex\graphics\color.sty"
Package: color 2005/11/14 v1.0j Standard LaTeX Color (DPC)

("C:\Program Files\MiKTeX 2.9\tex\latex\00miktex\color.cfg"
File: color.cfg 2007/01/18 v1.5 color configuration of teTeX/TeXLive
)
Package color Info: Driver file: pdftex.def on input line 130.
)
Package hyperref Info: Link coloring ON on input line 49.

("C:\Program Files\MiKTeX 2.9\tex\latex\hyperref\nameref.sty"
Package: nameref 2012/10/27 v2.43 Cross-referencing by name of section

("C:\Program Files\MiKTeX 2.9\tex\generic\oberdiek\gettitlestring.sty"
Package: gettitlestring 2010/12/03 v1.4 Cleanup title references (HO)
)
\c@section@level=\count100
)
LaTeX Info: Redefining \ref on input line 49.
LaTeX Info: Redefining \pageref on input line 49.
LaTeX Info: Redefining \nameref on input line 49.

(G:\COS301_Group5_a\Functional_Requirements_Group5a.out)
(G:\COS301_Group5_a\Functional_Requirements_Group5a.out)
\@outlinefile=\write3

("C:\Program Files\MiKTeX 2.9\tex\context\base\supp-pdf.mkii"
[Loading MPS to PDF converter (version 2006.09.02).]
\scratchcounter=\count101
\scratchdimen=\dimen112
\scratchbox=\box28
\nofMPsegments=\count102
\nofMParguments=\count103
\everyMPshowfont=\toks15
\MPscratchCnt=\count104
\MPscratchDim=\dimen113
\MPnumerator=\count105
\makeMPintoPDFobject=\count106
\everyMPtoPDFconversion=\toks16
)
LaTeX Font Info:    Font shape `OT1/cmtt/bx/n' in size <17.28> not available
(Font)              Font shape `OT1/cmtt/m/n' tried instead on input line 51.

Overfull \hbox (8.53578pt too wide) in paragraph at lines 51--51
 [][] 
 []

LaTeX Font Info:    External font `cmex10' loaded for size
(Font)              <14.4> on input line 51.
LaTeX Font Info:    External font `cmex10' loaded for size
(Font)              <7> on input line 51.
[1



{C:/ProgramData/MiKTeX/2.9/pdftex/config/pdftex.map}] [2]
(G:\COS301_Group5_a\Functional_Requirements_Group5a.toc
LaTeX Font Info:    External font `cmex10' loaded for size
(Font)              <10.95> on input line 3.
LaTeX Font Info:    External font `cmex10' loaded for size
(Font)              <8> on input line 3.
LaTeX Font Info:    External font `cmex10' loaded for size
(Font)              <6> on input line 3.
)
\tf@toc=\write4
 [3

]
Chapter 1.

Underfull \hbox (badness 10000) in paragraph at lines 53--54

 []

[4

]
Chapter 2.

Underfull \hbox (badness 10000) in paragraph at lines 56--61

 []


Underfull \hbox (badness 10000) in paragraph at lines 62--65

 []


Underfull \hbox (badness 10000) in paragraph at lines 66--69

 []

[5

]
Chapter 3.

Underfull \hbox (badness 10000) in paragraph at lines 90--91

 []


Underfull \hbox (badness 10000) in paragraph at lines 103--104

 []

[6

]
Package epstopdf Info: Source file: <DataStructuresCRUD.eps>
(epstopdf)                    date: 2015-02-26 01:47:14
(epstopdf)                    size: 42952 bytes
(epstopdf)             Output file: <DataStructuresCRUD-eps-converted-to.pdf>
(epstopdf)                    date: 2015-02-26 01:47:14
(epstopdf)                    size: 13414 bytes
(epstopdf)             Command: <epstopdf --outfile=DataStructuresCRUD-eps-conv
erted-to.pdf DataStructuresCRUD.eps>
(epstopdf)             \includegraphics on input line 105.
Package epstopdf Info: Output file is already uptodate.

<DataStructuresCRUD-eps-converted-to.pdf, id=93, 551.05875pt x 753.81625pt>
File: DataStructuresCRUD-eps-converted-to.pdf Graphic file (type pdf)

<use DataStructuresCRUD-eps-converted-to.pdf>
Package pdftex.def Info: DataStructuresCRUD-eps-converted-to.pdf used on input 
line 105.
(pdftex.def)             Requested size: 220.41959pt x 301.52116pt.
Package epstopdf Info: Source file: <Semaka_Class_Diagram.eps>
(epstopdf)                    date: 2015-02-26 11:16:30
(epstopdf)                    size: 40516 bytes
(epstopdf)             Output file: <Semaka_Class_Diagram-eps-converted-to.pdf>

(epstopdf)             Command: <epstopdf --outfile=Semaka_Class_Diagram-eps-co
nverted-to.pdf Semaka_Class_Diagram.eps>
(epstopdf)             \includegraphics on input line 106.
runsystem(epstopdf --outfile=Semaka_Class_Diagram-eps-converted-to.pdf Semaka_C
lass_Diagram.eps)...executed (allowed).

Package epstopdf Info: Result file: <Semaka_Class_Diagram-eps-converted-to.pdf>

(epstopdf)                    date: 2015-02-26 11:32:52
(epstopdf)                    size: 12286 bytes.

<Semaka_Class_Diagram-eps-converted-to.pdf, id=94, 557.08125pt x 404.51125pt>
File: Semaka_Class_Diagram-eps-converted-to.pdf Graphic file (type pdf)

<use Semaka_Class_Diagram-eps-converted-to.pdf>
Package pdftex.def Info: Semaka_Class_Diagram-eps-converted-to.pdf used on inpu
t line 106.
(pdftex.def)             Requested size: 222.82855pt x 161.80162pt.

Overfull \hbox (27.42592pt too wide) in paragraph at lines 105--107
[] [] 
 []

[7 <G:/COS301_Group5_a/DataStructuresCRUD-eps-converted-to.pdf> <G:/COS301_Grou
p5_a/Semaka_Class_Diagram-eps-converted-to.pdf>]
Chapter 4.
Package epstopdf Info: Source file: <CRUDUSECASE.eps>
(epstopdf)                    date: 2015-02-26 01:47:14
(epstopdf)                    size: 47288 bytes
(epstopdf)             Output file: <CRUDUSECASE-eps-converted-to.pdf>
(epstopdf)                    date: 2015-02-26 01:47:14
(epstopdf)                    size: 15782 bytes
(epstopdf)             Command: <epstopdf --outfile=CRUDUSECASE-eps-converted-t
o.pdf CRUDUSECASE.eps>
(epstopdf)             \includegraphics on input line 108.
Package epstopdf Info: Output file is already uptodate.
<CRUDUSECASE-eps-converted-to.pdf, id=140, 557.08125pt x 330.23375pt>
File: CRUDUSECASE-eps-converted-to.pdf Graphic file (type pdf)

<use CRUDUSECASE-eps-converted-to.pdf>
Package pdftex.def Info: CRUDUSECASE-eps-converted-to.pdf used on input line 10
8.
(pdftex.def)             Requested size: 501.3685pt x 297.20761pt.
Package epstopdf Info: Source file: <seanUC.eps>
(epstopdf)                    date: 2015-02-26 01:47:16
(epstopdf)                    size: 48023 bytes
(epstopdf)             Output file: <seanUC-eps-converted-to.pdf>
(epstopdf)                    date: 2015-02-26 01:47:16
(epstopdf)                    size: 15466 bytes
(epstopdf)             Command: <epstopdf --outfile=seanUC-eps-converted-to.pdf
 seanUC.eps>
(epstopdf)             \includegraphics on input line 109.
Package epstopdf Info: Output file is already uptodate.

<seanUC-eps-converted-to.pdf, id=141, 557.08125pt x 346.29375pt>
File: seanUC-eps-converted-to.pdf Graphic file (type pdf)

<use seanUC-eps-converted-to.pdf>
Package pdftex.def Info: seanUC-eps-converted-to.pdf used on input line 109.
(pdftex.def)             Requested size: 501.3685pt x 311.66148pt.
Package epstopdf Info: Source file: <Shaun_functionalRequirements.eps>
(epstopdf)                    date: 2015-02-26 01:47:14
(epstopdf)                    size: 46801 bytes
(epstopdf)             Output file: <Shaun_functionalRequirements-eps-converted
-to.pdf>
(epstopdf)                    date: 2015-02-26 01:47:14
(epstopdf)                    size: 18234 bytes
(epstopdf)             Command: <epstopdf --outfile=Shaun_functionalRequirement
s-eps-converted-to.pdf Shaun_functionalRequirements.eps>
(epstopdf)             \includegraphics on input line 110.
Package epstopdf Info: Output file is already uptodate.

<Shaun_functionalRequirements-eps-converted-to.pdf, id=142, 557.08125pt x 324.2
1124pt>
File: Shaun_functionalRequirements-eps-converted-to.pdf Graphic file (type pdf)

 <use Shaun_functionalRequirements-eps-converted-to.pdf>
Package pdftex.def Info: Shaun_functionalRequirements-eps-converted-to.pdf used
 on input line 110.
(pdftex.def)             Requested size: 501.3685pt x 291.78741pt.
Package epstopdf Info: Source file: <Semaka_Use_Case.eps>
(epstopdf)                    date: 2015-02-26 11:18:00
(epstopdf)                    size: 44280 bytes
(epstopdf)             Output file: <Semaka_Use_Case-eps-converted-to.pdf>
(epstopdf)                    date: 2015-02-26 11:27:16
(epstopdf)                    size: 12908 bytes
(epstopdf)             Command: <epstopdf --outfile=Semaka_Use_Case-eps-convert
ed-to.pdf Semaka_Use_Case.eps>
(epstopdf)             \includegraphics on input line 111.
Package epstopdf Info: Output file is already uptodate.

<Semaka_Use_Case-eps-converted-to.pdf, id=143, 557.08125pt x 402.50375pt>
File: Semaka_Use_Case-eps-converted-to.pdf Graphic file (type pdf)

<use Semaka_Use_Case-eps-converted-to.pdf>
Package pdftex.def Info: Semaka_Use_Case-eps-converted-to.pdf used on input lin
e 111.
(pdftex.def)             Requested size: 501.3685pt x 362.25002pt.

Overfull \hbox (83.11295pt too wide) in paragraph at lines 108--112
[] 
 []


Overfull \hbox (83.11295pt too wide) in paragraph at lines 108--112
[] 
 []


Overfull \hbox (83.11295pt too wide) in paragraph at lines 108--112
[] 
 []


Overfull \hbox (83.11295pt too wide) in paragraph at lines 108--112
[] 
 []


Underfull \hbox (badness 10000) in paragraph at lines 108--112

 []

[8

]
Overfull \vbox (107.23053pt too high) has occurred while \output is active []


[9 <G:/COS301_Group5_a/CRUDUSECASE-eps-converted-to.pdf> <G:/COS301_Group5_a/se
anUC-eps-converted-to.pdf>] [10 <G:/COS301_Group5_a/Shaun_functionalRequirement
s-eps-converted-to.pdf>] [11 <G:/COS301_Group5_a/Semaka_Use_Case-eps-converted-
to.pdf>]
Chapter 5.
Package epstopdf Info: Source file: <ProcessSpecificationCRUD1.eps>
(epstopdf)                    date: 2015-02-26 01:47:14
(epstopdf)                    size: 48310 bytes
(epstopdf)             Output file: <ProcessSpecificationCRUD1-eps-converted-to
.pdf>
(epstopdf)                    date: 2015-02-26 01:47:14
(epstopdf)                    size: 15700 bytes
(epstopdf)             Command: <epstopdf --outfile=ProcessSpecificationCRUD1-e
ps-converted-to.pdf ProcessSpecificationCRUD1.eps>
(epstopdf)             \includegraphics on input line 113.
Package epstopdf Info: Output file is already uptodate.

<ProcessSpecificationCRUD1-eps-converted-to.pdf, id=299, 557.08125pt x 350.3087
5pt>
File: ProcessSpecificationCRUD1-eps-converted-to.pdf Graphic file (type pdf)
 <use ProcessSpecificationCRUD1-eps-converted-to.pdf>
Package pdftex.def Info: ProcessSpecificationCRUD1-eps-converted-to.pdf used on
 input line 113.
(pdftex.def)             Requested size: 501.3685pt x 315.27496pt.
Package epstopdf Info: Source file: <ProcessSpecificationCRUD3.eps>
(epstopdf)                    date: 2015-02-26 01:47:14
(epstopdf)                    size: 48276 bytes
(epstopdf)             Output file: <ProcessSpecificationCRUD3-eps-converted-to
.pdf>
(epstopdf)                    date: 2015-02-26 01:47:14
(epstopdf)                    size: 15941 bytes
(epstopdf)             Command: <epstopdf --outfile=ProcessSpecificationCRUD3-e
ps-converted-to.pdf ProcessSpecificationCRUD3.eps>
(epstopdf)             \includegraphics on input line 114.
Package epstopdf Info: Output file is already uptodate.

<ProcessSpecificationCRUD3-eps-converted-to.pdf, id=300, 557.08125pt x 380.4212
5pt>
File: ProcessSpecificationCRUD3-eps-converted-to.pdf Graphic file (type pdf)
 <use ProcessSpecificationCRUD3-eps-converted-to.pdf>
Package pdftex.def Info: ProcessSpecificationCRUD3-eps-converted-to.pdf used on
 input line 114.
(pdftex.def)             Requested size: 501.3685pt x 342.37595pt.
Package epstopdf Info: Source file: <ProcessSpecificationsCRUD2.eps>
(epstopdf)                    date: 2015-02-26 01:47:14
(epstopdf)                    size: 49883 bytes
(epstopdf)             Output file: <ProcessSpecificationsCRUD2-eps-converted-t
o.pdf>
(epstopdf)                    date: 2015-02-26 01:47:14
(epstopdf)                    size: 17586 bytes
(epstopdf)             Command: <epstopdf --outfile=ProcessSpecificationsCRUD2-
eps-converted-to.pdf ProcessSpecificationsCRUD2.eps>
(epstopdf)             \includegraphics on input line 115.
Package epstopdf Info: Output file is already uptodate.

<ProcessSpecificationsCRUD2-eps-converted-to.pdf, id=301, 557.08125pt x 372.391
25pt>
File: ProcessSpecificationsCRUD2-eps-converted-to.pdf Graphic file (type pdf)
 <use ProcessSpecificationsCRUD2-eps-converted-to.pdf>
Package pdftex.def Info: ProcessSpecificationsCRUD2-eps-converted-to.pdf used o
n input line 115.
(pdftex.def)             Requested size: 501.3685pt x 335.14902pt.
Package epstopdf Info: Source file: <seanAC.eps>
(epstopdf)                    date: 2015-02-26 01:47:16
(epstopdf)                    size: 45739 bytes
(epstopdf)             Output file: <seanAC-eps-converted-to.pdf>
(epstopdf)                    date: 2015-02-26 10:59:24
(epstopdf)                    size: 13804 bytes
(epstopdf)             Command: <epstopdf --outfile=seanAC-eps-converted-to.pdf
 seanAC.eps>
(epstopdf)             \includegraphics on input line 116.
Package epstopdf Info: Output file is already uptodate.

<seanAC-eps-converted-to.pdf, id=302, 557.08125pt x 334.24875pt>
File: seanAC-eps-converted-to.pdf Graphic file (type pdf)

<use seanAC-eps-converted-to.pdf>
Package pdftex.def Info: seanAC-eps-converted-to.pdf used on input line 116.
(pdftex.def)             Requested size: 501.3685pt x 300.82109pt.
Package epstopdf Info: Source file: <seanAC1.eps>
(epstopdf)                    date: 2015-02-26 01:47:16
(epstopdf)                    size: 41852 bytes
(epstopdf)             Output file: <seanAC1-eps-converted-to.pdf>
(epstopdf)                    date: 2015-02-26 01:47:16
(epstopdf)                    size: 11332 bytes
(epstopdf)             Command: <epstopdf --outfile=seanAC1-eps-converted-to.pd
f seanAC1.eps>
(epstopdf)             \includegraphics on input line 117.
Package epstopdf Info: Output file is already uptodate.

<seanAC1-eps-converted-to.pdf, id=303, 557.08125pt x 334.24875pt>
File: seanAC1-eps-converted-to.pdf Graphic file (type pdf)

<use seanAC1-eps-converted-to.pdf>
Package pdftex.def Info: seanAC1-eps-converted-to.pdf used on input line 117.
(pdftex.def)             Requested size: 501.3685pt x 300.82109pt.
Package epstopdf Info: Source file: <Shaun_activity.eps>
(epstopdf)                    date: 2015-02-26 01:47:14
(epstopdf)                    size: 53351 bytes
(epstopdf)             Output file: <Shaun_activity-eps-converted-to.pdf>
(epstopdf)                    date: 2015-02-26 01:47:14
(epstopdf)                    size: 19566 bytes
(epstopdf)             Command: <epstopdf --outfile=Shaun_activity-eps-converte
d-to.pdf Shaun_activity.eps>
(epstopdf)             \includegraphics on input line 118.
Package epstopdf Info: Output file is already uptodate.

<Shaun_activity-eps-converted-to.pdf, id=304, 557.08125pt x 233.87375pt>
File: Shaun_activity-eps-converted-to.pdf Graphic file (type pdf)

<use Shaun_activity-eps-converted-to.pdf>
Package pdftex.def Info: Shaun_activity-eps-converted-to.pdf used on input line
 118.
(pdftex.def)             Requested size: 501.3685pt x 210.4844pt.
Package epstopdf Info: Source file: <Semaka_Activity_Diagram.eps>
(epstopdf)                    date: 2015-02-26 11:18:34
(epstopdf)                    size: 44739 bytes
(epstopdf)             Output file: <Semaka_Activity_Diagram-eps-converted-to.p
df>
(epstopdf)                    date: 2015-02-26 11:25:04
(epstopdf)                    size: 12474 bytes
(epstopdf)             Command: <epstopdf --outfile=Semaka_Activity_Diagram-eps
-converted-to.pdf Semaka_Activity_Diagram.eps>
(epstopdf)             \includegraphics on input line 119.
Package epstopdf Info: Output file is already uptodate.

<Semaka_Activity_Diagram-eps-converted-to.pdf, id=305, 557.08125pt x 404.51125p
t>
File: Semaka_Activity_Diagram-eps-converted-to.pdf Graphic file (type pdf)
 <use Semaka_Activity_Diagram-eps-converted-to.pdf>
Package pdftex.def Info: Semaka_Activity_Diagram-eps-converted-to.pdf used on i
nput line 119.
(pdftex.def)             Requested size: 501.3685pt x 364.05675pt.

Overfull \hbox (83.11295pt too wide) in paragraph at lines 113--120
[] 
 []


Overfull \hbox (83.11295pt too wide) in paragraph at lines 113--120
[] 
 []


Overfull \hbox (83.11295pt too wide) in paragraph at lines 113--120
[] 
 []


Overfull \hbox (83.11295pt too wide) in paragraph at lines 113--120
[] 
 []


Overfull \hbox (83.11295pt too wide) in paragraph at lines 113--120
[] 
 []


Overfull \hbox (83.11295pt too wide) in paragraph at lines 113--120
[] 
 []


Overfull \hbox (83.11295pt too wide) in paragraph at lines 113--120
[] 
 []


Underfull \hbox (badness 10000) in paragraph at lines 113--120

 []

[12

]
Overfull \vbox (156.01234pt too high) has occurred while \output is active []


[13 <G:/COS301_Group5_a/ProcessSpecificationCRUD1-eps-converted-to.pdf> <G:/COS
301_Group5_a/ProcessSpecificationCRUD3-eps-converted-to.pdf>] [14 <G:/COS301_Gr
oup5_a/ProcessSpecificationsCRUD2-eps-converted-to.pdf>] [15 <G:/COS301_Group5_
a/seanAC-eps-converted-to.pdf>] [16 <G:/COS301_Group5_a/seanAC1-eps-converted-t
o.pdf> <G:/COS301_Group5_a/Shaun_activity-eps-converted-to.pdf>] [17 <G:/COS301
_Group5_a/Semaka_Activity_Diagram-eps-converted-to.pdf>]
Chapter 6.
Package epstopdf Info: Source file: <CRUDDomainModel.eps>
(epstopdf)                    date: 2015-02-26 01:47:14
(epstopdf)                    size: 43822 bytes
(epstopdf)             Output file: <CRUDDomainModel-eps-converted-to.pdf>
(epstopdf)                    date: 2015-02-26 01:47:14
(epstopdf)                    size: 13814 bytes
(epstopdf)             Command: <epstopdf --outfile=CRUDDomainModel-eps-convert
ed-to.pdf CRUDDomainModel.eps>
(epstopdf)             \includegraphics on input line 121.
Package epstopdf Info: Output file is already uptodate.
<CRUDDomainModel-eps-converted-to.pdf, id=561, 557.08125pt x 322.20375pt>
File: CRUDDomainModel-eps-converted-to.pdf Graphic file (type pdf)

<use CRUDDomainModel-eps-converted-to.pdf>
Package pdftex.def Info: CRUDDomainModel-eps-converted-to.pdf used on input lin
e 121.
(pdftex.def)             Requested size: 501.3685pt x 289.98068pt.
Package epstopdf Info: Source file: <seanDM.eps>
(epstopdf)                    date: 2015-02-26 01:47:16
(epstopdf)                    size: 41226 bytes
(epstopdf)             Output file: <seanDM-eps-converted-to.pdf>
(epstopdf)                    date: 2015-02-26 01:47:16
(epstopdf)                    size: 11747 bytes
(epstopdf)             Command: <epstopdf --outfile=seanDM-eps-converted-to.pdf
 seanDM.eps>
(epstopdf)             \includegraphics on input line 122.
Package epstopdf Info: Output file is already uptodate.

<seanDM-eps-converted-to.pdf, id=562, 557.08125pt x 334.24875pt>
File: seanDM-eps-converted-to.pdf Graphic file (type pdf)

<use seanDM-eps-converted-to.pdf>
Package pdftex.def Info: seanDM-eps-converted-to.pdf used on input line 122.
(pdftex.def)             Requested size: 501.3685pt x 300.82109pt.
Package atveryend Info: Empty hook `BeforeClearDocument' on input line 124.

Overfull \hbox (83.11295pt too wide) in paragraph at lines 121--124
[] 
 []


Overfull \hbox (83.11295pt too wide) in paragraph at lines 121--124
[] 
 []

[18

]
Overfull \vbox (85.13043pt too high) has occurred while \output is active []


[19 <G:/COS301_Group5_a/CRUDDomainModel-eps-converted-to.pdf> <G:/COS301_Group5
_a/seanDM-eps-converted-to.pdf>]
Package atveryend Info: Empty hook `AfterLastShipout' on input line 124.

(G:\COS301_Group5_a\Functional_Requirements_Group5a.aux)
Package atveryend Info: Executing hook `AtVeryEndDocument' on input line 124.
Package atveryend Info: Executing hook `AtEndAfterFileList' on input line 124.
Package rerunfilecheck Info: File `Functional_Requirements_Group5a.out' has not
 changed.
(rerunfilecheck)             Checksum: A010813B610C92AFFED29E91A6CE5307;712.
Package atveryend Info: Empty hook `AtVeryVeryEnd' on input line 124.
 ) 
Here is how much of TeX's memory you used:
 6647 strings out of 493921
 104734 string characters out of 3147279
 227387 words of memory out of 3000000
 9853 multiletter control sequences out of 15000+200000
 9236 words of font info for 33 fonts, out of 3000000 for 9000
 841 hyphenation exceptions out of 8191
 41i,7n,38p,282b,370s stack positions out of 5000i,500n,10000p,200000b,50000s
<C:/Program Files/MiKTeX 2.9/fonts/type1/public/amsfonts/cm/cmr10.pfb><C:/Pro
gram Files/MiKTeX 2.9/fonts/type1/public/amsfonts/cm/cmr12.pfb><C:/Program File
s/MiKTeX 2.9/fonts/type1/public/amsfonts/cm/cmssbx10.pfb><C:/Program Files/MiKT
eX 2.9/fonts/type1/public/amsfonts/cm/cmtt12.pfb>
Output written on Functional_Requirements_Group5a.pdf (19 pages, 275430 bytes).

PDF statistics:
 637 PDF objects out of 1000 (max. 8388607)
 33 named destinations out of 1000 (max. 500000)
 172 words of extra memory for PDF output out of 10000 (max. 10000000)

